#
# A fatal error has been detected by the Java Runtime Environment:
#
#  SIGSEGV (0xb) at pc=0x0000000119fa133b, pid=88334, tid=0x000000000000fab3
#
# JRE version: Java(TM) SE Runtime Environment (8.0_112-b16) (build 1.8.0_112-b16)
# Java VM: Java HotSpot(TM) 64-Bit Server VM (25.112-b16 mixed mode bsd-amd64 compressed oops)
# Problematic frame:
# C  [libawt_lwawt.dylib+0x1c33b]  OGLSD_SetScratchSurface+0x49
#
# Failed to write core dump. Core dumps have been disabled. To enable core dumping, try "ulimit -c unlimited" before starting Java again
#
# If you would like to submit a bug report, please visit:
#   http://bugreport.java.com/bugreport/crash.jsp
# The crash happened outside the Java Virtual Machine in native code.
# See problematic frame for where to report the bug.
#

---------------  T H R E A D  ---------------

Current thread (0x00007ff3510bc000):  JavaThread "Java2D Queue Flusher" daemon [_thread_in_native, id=64179, stack(0x000070000240c000,0x000070000250c000)]

siginfo: si_signo: 11 (SIGSEGV), si_code: 1 (SEGV_MAPERR), si_addr: 0x0000000000000002

Registers:
RAX=0x0000000119fc1fa6, RBX=0x0000000000000002, RCX=0x0000000000000047, RDX=0x0000000119fc24f0
RSP=0x000070000250b770, RBP=0x000070000250b790, RSI=0x00007ff354e5a4f0, RDI=0x00007ff3510bc1f8
R8 =0x00000000fffffffc, R9 =0x00007ff350672640, R10=0x0000000105e0a0f8, R11=0x00000000f7128e25
R12=0x0000000000000000, R13=0x00000001064cac2c, R14=0x00007ff3510bc1f8, R15=0x00007ff3510bc000
RIP=0x0000000119fa133b, EFLAGS=0x0000000000010202, ERR=0x0000000000000004
  TRAPNO=0x000000000000000e

Top of Stack: (sp=0x000070000250b770)
0x000070000250b770:   00007ff354e5a4f0 0000000000000000
0x000070000250b780:   00007ff3510da810 00007ff3510bc000
0x000070000250b790:   000070000250b810 0000000119fc1fce
0x000070000250b7a0:   000070000250b7d0 0000000104b37980
0x000070000250b7b0:   0000000000000064 0000000000000000
0x000070000250b7c0:   0000000000000064 00007ff350671ce8
0x000070000250b7d0:   000070000250b830 00007ff3510da820
0x000070000250b7e0:   0000000000000005 00007ff3510bc1f8
0x000070000250b7f0:   00000007b8947110 0000000000000000
0x000070000250b800:   000070000250b888 00007ff3510bc000
0x000070000250b810:   000070000250b860 0000000105e0a16a
0x000070000250b820:   00000007b8947110 00007ff3510bc000
0x000070000250b830:   000070000250b880 00000001057ede68
0x000070000250b840:   00000007b88f0de0 000070000250b888
0x000070000250b850:   00000007b81bb970 0000000000000000
0x000070000250b860:   00000007b8947110 00000001063e1b10
0x000070000250b870:   000070000250b890 000070000250b9d0
0x000070000250b880:   000070000250b9d0 00000001064cab24
0x000070000250b890:   0000000000000041 000000011b56d228
0x000070000250b8a0:   0000000000000000 0000000100000000
0x000070000250b8b0:   00000000000000dc 0000000000000000
0x000070000250b8c0:   000070000250b960 00007ff3510bc000
0x000070000250b8d0:   000070000250b938 00000001055c2b9a
0x000070000250b8e0:   00000001055c2b58 0000000100000001
0x000070000250b8f0:   00000007b88f0de0 00000007b88f0de0
0x000070000250b900:   0000000100000000 000070000250b960
0x000070000250b910:   000000011b56d438 0000000188c732e8
0x000070000250b920:   0000000000000001 00000007b88f0de0
0x000070000250b930:   000070000250b960 000070000250b9d0
0x000070000250b940:   00000001055a27a7 0000000000000000
0x000070000250b950:   000070000250b9d0 00000001055a27a7
0x000070000250b960:   00000007b88f0de0 00000007b88f0de0 

Instructions: (pc=0x0000000119fa133b)
0x0000000119fa131b:   c0 e9 82 00 00 00 48 8b 5e 10 48 85 db 75 0e bf
0x0000000119fa132b:   01 00 00 00 48 8d 15 14 7f 03 00 eb d6 49 89 fe
0x0000000119fa133b:   4c 8b 3b 30 c0 e8 dd a9 02 00 49 8b 3f 49 89 c4
0x0000000119fa134b:   48 8b 35 0e 04 06 00 30 c0 e8 2b ab 02 00 48 85 

Register to memory mapping:

RAX=0x0000000119fc1fa6: Java_sun_java2d_opengl_OGLRenderQueue_flushBuffer+0x612 in /Library/Internet Plug-Ins/JavaAppletPlugin.plugin/Contents/Home/lib/libawt_lwawt.dylib at 0x0000000119f85000
RBX=0x0000000000000002 is an unknown value
RCX=0x0000000000000047 is an unknown value
RDX=0x0000000119fc24f0: Java_sun_java2d_opengl_OGLRenderQueue_flushBuffer+0xb5c in /Library/Internet Plug-Ins/JavaAppletPlugin.plugin/Contents/Home/lib/libawt_lwawt.dylib at 0x0000000119f85000
RSP=0x000070000250b770 is pointing into the stack for thread: 0x00007ff3510bc000
RBP=0x000070000250b790 is pointing into the stack for thread: 0x00007ff3510bc000
RSI=0x00007ff354e5a4f0 is an unknown value
RDI=0x00007ff3510bc1f8 is an unknown value
R8 =0x00000000fffffffc is an unknown value
R9 =0x00007ff350672640 is an unknown value
R10=0x0000000105e0a0f8 is at entry_point+56 in (nmethod*)0x0000000105e09f50
R11=0x00000000f7128e25 is an unknown value
R12=0x0000000000000000 is an unknown value
R13=0x00000001064cac2c is at entry_point+2764 in (nmethod*)0x00000001064c9dd0
R14=0x00007ff3510bc1f8 is an unknown value
R15=0x00007ff3510bc000 is a thread


Stack: [0x000070000240c000,0x000070000250c000],  sp=0x000070000250b770,  free space=1021k
Native frames: (J=compiled Java code, j=interpreted, Vv=VM code, C=native code)
C  [libawt_lwawt.dylib+0x1c33b]  OGLSD_SetScratchSurface+0x49
C  [libawt_lwawt.dylib+0x3cfce]  Java_sun_java2d_opengl_OGLRenderQueue_flushBuffer+0x63a
J 4524  sun.java2d.opengl.OGLRenderQueue.flushBuffer(JI)V (0 bytes) @ 0x0000000105e0a16a [0x0000000105e0a0c0+0xaa]
J 8495 C2 sun.java2d.opengl.OGLRenderQueue.flushBuffer()V (41 bytes) @ 0x00000001063e1b10 [0x00000001063e1ac0+0x50]
J 9537% C1 sun.java2d.opengl.OGLRenderQueue$QueueFlusher.run()V (234 bytes) @ 0x00000001064cab24 [0x00000001064ca160+0x9c4]
v  ~StubRoutines::call_stub
V  [libjvm.dylib+0x2edbd2]
V  [libjvm.dylib+0x2ee360]
V  [libjvm.dylib+0x2ee50c]
V  [libjvm.dylib+0x348c59]
V  [libjvm.dylib+0x56b033]
V  [libjvm.dylib+0x56c720]
V  [libjvm.dylib+0x48a7ae]
C  [libsystem_pthread.dylib+0x399d]  _pthread_body+0x83
C  [libsystem_pthread.dylib+0x391a]  _pthread_body+0x0
C  [libsystem_pthread.dylib+0x1351]  thread_start+0xd
C  0x0000000000000000

Java frames: (J=compiled Java code, j=interpreted, Vv=VM code)
J 4524  sun.java2d.opengl.OGLRenderQueue.flushBuffer(JI)V (0 bytes) @ 0x0000000105e0a0f8 [0x0000000105e0a0c0+0x38]
J 8495 C2 sun.java2d.opengl.OGLRenderQueue.flushBuffer()V (41 bytes) @ 0x00000001063e1b10 [0x00000001063e1ac0+0x50]
J 9537% C1 sun.java2d.opengl.OGLRenderQueue$QueueFlusher.run()V (234 bytes) @ 0x00000001064cab24 [0x00000001064ca160+0x9c4]
v  ~StubRoutines::call_stub

---------------  P R O C E S S  ---------------

Java Threads: ( => current thread )
  0x00007ff3521af000 JavaThread "SponsorLogo LoadThread" daemon [_thread_blocked, id=27159, stack(0x000070000343c000,0x000070000353c000)]
  0x00007ff358cf7800 JavaThread "Image Animator 0" daemon [_thread_blocked, id=80295, stack(0x0000700002715000,0x0000700002815000)]
  0x00007ff35807a800 JavaThread "SponsorLogo LoadThread" daemon [_thread_blocked, id=83923, stack(0x0000700003236000,0x0000700003336000)]
  0x00007ff3581f7800 JavaThread "SponsorLogo LoadThread" daemon [_thread_blocked, id=39423, stack(0x0000700003339000,0x0000700003439000)]
  0x00007ff3588a9000 JavaThread "SponsorLogo LoadThread" daemon [_thread_blocked, id=86223, stack(0x0000700003133000,0x0000700003233000)]
  0x00007ff3559ec800 JavaThread "SponsorLogo LoadThread" daemon [_thread_blocked, id=80063, stack(0x0000700002e2a000,0x0000700002f2a000)]
  0x00007ff356d03000 JavaThread "ContestResponseHandler" [_thread_in_native, id=70987, stack(0x0000700001efd000,0x0000700001ffd000)]
  0x00007ff3584ad000 JavaThread "DispatchThread" [_thread_blocked, id=81639, stack(0x0000700001cf7000,0x0000700001df7000)]
  0x00007ff3584b8000 JavaThread "SendKeepAlive" daemon [_thread_blocked, id=79503, stack(0x00007000012d6000,0x00007000013d6000)]
  0x00007ff3558be000 JavaThread "ReceiveMonitor" daemon [_thread_blocked, id=64587, stack(0x00007000010cd000,0x00007000011cd000)]
  0x00007ff355a49000 JavaThread "SponsorLogo LoadThread" daemon [_thread_blocked, id=24399, stack(0x0000700003030000,0x0000700003130000)]
  0x00007ff35850d000 JavaThread "SponsorLogo LoadThread" daemon [_thread_blocked, id=82831, stack(0x0000700002a1e000,0x0000700002b1e000)]
  0x00007ff3519a1000 JavaThread "SponsorLogo LoadThread" daemon [_thread_blocked, id=83171, stack(0x0000700002d27000,0x0000700002e27000)]
  0x00007ff35810e800 JavaThread "SponsorLogo LoadThread" daemon [_thread_blocked, id=71583, stack(0x0000700002c24000,0x0000700002d24000)]
  0x00007ff352510000 JavaThread "Image Animator 3" daemon [_thread_blocked, id=80431, stack(0x0000700002f2d000,0x000070000302d000)]
  0x00007ff351b43800 JavaThread "SponsorLogo LoadThread" daemon [_thread_blocked, id=5139, stack(0x0000700002b21000,0x0000700002c21000)]
  0x00007ff355bbf800 JavaThread "Heartbeat" daemon [_thread_blocked, id=78611, stack(0x0000700002000000,0x0000700002100000)]
  0x00007ff3561c9000 JavaThread "SponsorPanel LoadThread" daemon [_thread_blocked, id=35363, stack(0x000070000291b000,0x0000700002a1b000)]
  0x00007ff351ef2000 JavaThread "SponsorLogo LoadThread" daemon [_thread_blocked, id=14899, stack(0x0000700002818000,0x0000700002918000)]
  0x00007ff351aac000 JavaThread "TimerQueue" daemon [_thread_blocked, id=65067, stack(0x0000700002612000,0x0000700002712000)]
  0x00007ff351418800 JavaThread "AWT-EventQueue-2" [_thread_blocked, id=54791, stack(0x0000700001868000,0x0000700001968000)]
  0x00007ff3509d9800 JavaThread "TimerQueue" daemon [_thread_blocked, id=73495, stack(0x0000700002186000,0x0000700002286000)]
  0x00007ff351a3c000 JavaThread "Java2D Disposer" daemon [_thread_blocked, id=69399, stack(0x000070000250f000,0x000070000260f000)]
=>0x00007ff3510bc000 JavaThread "Java2D Queue Flusher" daemon [_thread_in_native, id=64179, stack(0x000070000240c000,0x000070000250c000)]
  0x00007ff350954800 JavaThread "AWT-EventQueue-1" [_thread_blocked, id=67087, stack(0x0000700001dfa000,0x0000700001efa000)]
  0x00007ff3509b5800 JavaThread "CacheCleanUpThread" daemon [_thread_blocked, id=56327, stack(0x0000700001b71000,0x0000700001c71000)]
  0x00007ff351994000 JavaThread "CacheMemoryCleanUpThread" daemon [_thread_blocked, id=55811, stack(0x0000700001a6e000,0x0000700001b6e000)]
  0x00007ff3509ae800 JavaThread "MemoryCache-DelayedCleanup" daemon [_thread_blocked, id=55299, stack(0x000070000196b000,0x0000700001a6b000)]
  0x00007ff350807000 JavaThread "DestroyJavaVM" [_thread_blocked, id=6403, stack(0x000070000011a000,0x000070000021a000)]
  0x00007ff3509b4000 JavaThread "Javaws Secure Thread" daemon [_thread_blocked, id=54279, stack(0x0000700001765000,0x0000700001865000)]
  0x00007ff3519c9800 JavaThread "AWT-EventQueue-0" [_thread_blocked, id=29779, stack(0x0000700001662000,0x0000700001762000)]
  0x00007ff3519bd000 JavaThread "AWT-Shutdown" [_thread_blocked, id=53787, stack(0x000070000155f000,0x000070000165f000)]
  0x00007ff350925000 JavaThread "Timer-0" daemon [_thread_blocked, id=41219, stack(0x00007000013d9000,0x00007000014d9000)]
  0x00007ff3508b0000 JavaThread "traceMsgQueueThread" daemon [_thread_blocked, id=38155, stack(0x00007000011d3000,0x00007000012d3000)]
  0x00007ff351826800 JavaThread "AppKit Thread" daemon [_thread_in_native, id=1295, stack(0x00007fff5b8f9000,0x00007fff5c0f9000)]
  0x00007ff351824000 JavaThread "Service Thread" daemon [_thread_blocked, id=18691, stack(0x0000700000dc1000,0x0000700000ec1000)]
  0x00007ff35085a800 JavaThread "C1 CompilerThread2" daemon [_thread_blocked, id=18179, stack(0x0000700000cbe000,0x0000700000dbe000)]
  0x00007ff350859800 JavaThread "C2 CompilerThread1" daemon [_thread_blocked, id=17667, stack(0x0000700000bbb000,0x0000700000cbb000)]
  0x00007ff35085f800 JavaThread "C2 CompilerThread0" daemon [_thread_blocked, id=17155, stack(0x0000700000ab8000,0x0000700000bb8000)]
  0x00007ff350837800 JavaThread "Signal Dispatcher" daemon [_thread_blocked, id=13327, stack(0x00007000009b5000,0x0000700000ab5000)]
  0x00007ff350830000 JavaThread "Finalizer" daemon [_thread_blocked, id=12803, stack(0x000070000082f000,0x000070000092f000)]
  0x00007ff35082d800 JavaThread "Reference Handler" daemon [_thread_blocked, id=12291, stack(0x000070000072c000,0x000070000082c000)]

Other Threads:
  0x00007ff352004800 VMThread [stack: 0x0000700000629000,0x0000700000729000] [id=11779]
  0x00007ff350868800 WatcherThread [stack: 0x0000700000ec4000,0x0000700000fc4000] [id=19203]

VM state:not at safepoint (normal execution)

VM Mutex/Monitor currently owned by a thread: None

Heap:
 PSYoungGen      total 25600K, used 506K [0x00000007bd580000, 0x00000007bef80000, 0x00000007c0000000)
  eden space 25088K, 0% used [0x00000007bd580000,0x00000007bd5bb1b8,0x00000007bee00000)
  from space 512K, 52% used [0x00000007bef00000,0x00000007bef437d0,0x00000007bef80000)
  to   space 512K, 0% used [0x00000007bee80000,0x00000007bee80000,0x00000007bef00000)
 ParOldGen       total 87552K, used 79224K [0x00000007b8000000, 0x00000007bd580000, 0x00000007bd580000)
  object space 87552K, 90% used [0x00000007b8000000,0x00000007bcd5e1c0,0x00000007bd580000)
 Metaspace       used 34251K, capacity 35046K, committed 35328K, reserved 1081344K
  class space    used 4082K, capacity 4263K, committed 4352K, reserved 1048576K

Card table byte_map: [0x0000000114962000,0x00000001149a3000] byte_map_base: 0x0000000110ba2000

Marking Bits: (ParMarkBitMap*) 0x0000000104ef0d30
 Begin Bits: [0x00000001149ce000, 0x0000000114bce000)
 End Bits:   [0x0000000114bce000, 0x0000000114dce000)

Polling page: 0x0000000103dca000

CodeCache: size=245760Kb used=26056Kb max_used=26179Kb free=219703Kb
 bounds [0x00000001055a2000, 0x0000000106f82000, 0x00000001145a2000]
 total_blobs=7989 nmethods=7256 adapters=642
 compilation: enabled

Compilation events (10 events):
Event: 10163.181 Thread 0x00007ff35085a800 nmethod 9730 0x0000000106f1aa10 code [0x0000000106f1ab80, 0x0000000106f1ad08]
Event: 10163.181 Thread 0x00007ff35085a800 9731       3       sun.lwawt.macosx.CPlatformView::getGraphicsDevice (38 bytes)
Event: 10163.182 Thread 0x00007ff35085a800 nmethod 9731 0x00000001063afc50 code [0x00000001063afe40, 0x00000001063b0928]
Event: 10163.182 Thread 0x00007ff35085a800 9736   !   3       sun.lwawt.LWWindowPeer::replaceSurfaceData (105 bytes)
Event: 10163.187 Thread 0x00007ff35085a800 nmethod 9736 0x000000010667d490 code [0x000000010667d880, 0x0000000106680458]
Event: 10163.188 Thread 0x00007ff35085a800 9737       3       sun.java2d.opengl.OGLSurfaceData$1::run (16 bytes)
Event: 10163.188 Thread 0x00007ff35085a800 nmethod 9737 0x0000000106f30a50 code [0x0000000106f30bc0, 0x0000000106f30dc8]
Event: 10163.188 Thread 0x00007ff35085a800 9738       3       sun.java2d.opengl.OGLSurfaceData::access$000 (7 bytes)
Event: 10163.188 Thread 0x00007ff35085a800 nmethod 9738 0x0000000106453890 code [0x0000000106453a00, 0x0000000106453b68]
Event: 10163.960 Thread 0x00007ff35085f800 nmethod 9734 0x0000000106c894d0 code [0x0000000106c898e0, 0x0000000106c8c6a8]

GC Heap History (10 events):
Event: 9878.685 GC heap before
{Heap before GC invocations=249 (full 9):
 PSYoungGen      total 26112K, used 25325K [0x00000007bd580000, 0x00000007bf000000, 0x00000007c0000000)
  eden space 25088K, 100% used [0x00000007bd580000,0x00000007bee00000,0x00000007bee00000)
  from space 1024K, 23% used [0x00000007bee00000,0x00000007bee3b7d0,0x00000007bef00000)
  to   space 1024K, 0% used [0x00000007bef00000,0x00000007bef00000,0x00000007bf000000)
 ParOldGen       total 87552K, used 79224K [0x00000007b8000000, 0x00000007bd580000, 0x00000007bd580000)
  object space 87552K, 90% used [0x00000007b8000000,0x00000007bcd5e1c0,0x00000007bd580000)
 Metaspace       used 34229K, capacity 35046K, committed 35328K, reserved 1081344K
  class space    used 4079K, capacity 4263K, committed 4352K, reserved 1048576K
Event: 9878.688 GC heap after
Heap after GC invocations=249 (full 9):
 PSYoungGen      total 25600K, used 237K [0x00000007bd580000, 0x00000007bef80000, 0x00000007c0000000)
  eden space 25088K, 0% used [0x00000007bd580000,0x00000007bd580000,0x00000007bee00000)
  from space 512K, 46% used [0x00000007bef00000,0x00000007bef3b7d0,0x00000007bef80000)
  to   space 512K, 0% used [0x00000007bee80000,0x00000007bee80000,0x00000007bef00000)
 ParOldGen       total 87552K, used 79224K [0x00000007b8000000, 0x00000007bd580000, 0x00000007bd580000)
  object space 87552K, 90% used [0x00000007b8000000,0x00000007bcd5e1c0,0x00000007bd580000)
 Metaspace       used 34229K, capacity 35046K, committed 35328K, reserved 1081344K
  class space    used 4079K, capacity 4263K, committed 4352K, reserved 1048576K
}
Event: 9960.975 GC heap before
{Heap before GC invocations=250 (full 9):
 PSYoungGen      total 25600K, used 25325K [0x00000007bd580000, 0x00000007bef80000, 0x00000007c0000000)
  eden space 25088K, 100% used [0x00000007bd580000,0x00000007bee00000,0x00000007bee00000)
  from space 512K, 46% used [0x00000007bef00000,0x00000007bef3b7d0,0x00000007bef80000)
  to   space 512K, 0% used [0x00000007bee80000,0x00000007bee80000,0x00000007bef00000)
 ParOldGen       total 87552K, used 79224K [0x00000007b8000000, 0x00000007bd580000, 0x00000007bd580000)
  object space 87552K, 90% used [0x00000007b8000000,0x00000007bcd5e1c0,0x00000007bd580000)
 Metaspace       used 34229K, capacity 35046K, committed 35328K, reserved 1081344K
  class space    used 4079K, capacity 4263K, committed 4352K, reserved 1048576K
Event: 9960.982 GC heap after
Heap after GC invocations=250 (full 9):
 PSYoungGen      total 25600K, used 237K [0x00000007bd580000, 0x00000007bef80000, 0x00000007c0000000)
  eden space 25088K, 0% used [0x00000007bd580000,0x00000007bd580000,0x00000007bee00000)
  from space 512K, 46% used [0x00000007bee80000,0x00000007beebb7d0,0x00000007bef00000)
  to   space 512K, 0% used [0x00000007bef00000,0x00000007bef00000,0x00000007bef80000)
 ParOldGen       total 87552K, used 79224K [0x00000007b8000000, 0x00000007bd580000, 0x00000007bd580000)
  object space 87552K, 90% used [0x00000007b8000000,0x00000007bcd5e1c0,0x00000007bd580000)
 Metaspace       used 34229K, capacity 35046K, committed 35328K, reserved 1081344K
  class space    used 4079K, capacity 4263K, committed 4352K, reserved 1048576K
}
Event: 10042.735 GC heap before
{Heap before GC invocations=251 (full 9):
 PSYoungGen      total 25600K, used 25277K [0x00000007bd580000, 0x00000007bef80000, 0x00000007c0000000)
  eden space 25088K, 99% used [0x00000007bd580000,0x00000007bedf3ff8,0x00000007bee00000)
  from space 512K, 46% used [0x00000007bee80000,0x00000007beebb7d0,0x00000007bef00000)
  to   space 512K, 0% used [0x00000007bef00000,0x00000007bef00000,0x00000007bef80000)
 ParOldGen       total 87552K, used 79224K [0x00000007b8000000, 0x00000007bd580000, 0x00000007bd580000)
  object space 87552K, 90% used [0x00000007b8000000,0x00000007bcd5e1c0,0x00000007bd580000)
 Metaspace       used 34229K, capacity 35046K, committed 35328K, reserved 1081344K
  class space    used 4079K, capacity 4263K, committed 4352K, reserved 1048576K
Event: 10042.737 GC heap after
Heap after GC invocations=251 (full 9):
 PSYoungGen      total 25600K, used 150K [0x00000007bd580000, 0x00000007bef80000, 0x00000007c0000000)
  eden space 25088K, 0% used [0x00000007bd580000,0x00000007bd580000,0x00000007bee00000)
  from space 512K, 29% used [0x00000007bef00000,0x00000007bef25be8,0x00000007bef80000)
  to   space 512K, 0% used [0x00000007bee80000,0x00000007bee80000,0x00000007bef00000)
 ParOldGen       total 87552K, used 79224K [0x00000007b8000000, 0x00000007bd580000, 0x00000007bd580000)
  object space 87552K, 90% used [0x00000007b8000000,0x00000007bcd5e1c0,0x00000007bd580000)
 Metaspace       used 34229K, capacity 35046K, committed 35328K, reserved 1081344K
  class space    used 4079K, capacity 4263K, committed 4352K, reserved 1048576K
}
Event: 10124.906 GC heap before
{Heap before GC invocations=252 (full 9):
 PSYoungGen      total 25600K, used 25210K [0x00000007bd580000, 0x00000007bef80000, 0x00000007c0000000)
  eden space 25088K, 99% used [0x00000007bd580000,0x00000007bedf8ee8,0x00000007bee00000)
  from space 512K, 29% used [0x00000007bef00000,0x00000007bef25be8,0x00000007bef80000)
  to   space 512K, 0% used [0x00000007bee80000,0x00000007bee80000,0x00000007bef00000)
 ParOldGen       total 87552K, used 79224K [0x00000007b8000000, 0x00000007bd580000, 0x00000007bd580000)
  object space 87552K, 90% used [0x00000007b8000000,0x00000007bcd5e1c0,0x00000007bd580000)
 Metaspace       used 34229K, capacity 35046K, committed 35328K, reserved 1081344K
  class space    used 4079K, capacity 4263K, committed 4352K, reserved 1048576K
Event: 10124.910 GC heap after
Heap after GC invocations=252 (full 9):
 PSYoungGen      total 25600K, used 182K [0x00000007bd580000, 0x00000007bef80000, 0x00000007c0000000)
  eden space 25088K, 0% used [0x00000007bd580000,0x00000007bd580000,0x00000007bee00000)
  from space 512K, 35% used [0x00000007bee80000,0x00000007beeadbe8,0x00000007bef00000)
  to   space 512K, 0% used [0x00000007bef00000,0x00000007bef00000,0x00000007bef80000)
 ParOldGen       total 87552K, used 79224K [0x00000007b8000000, 0x00000007bd580000, 0x00000007bd580000)
  object space 87552K, 90% used [0x00000007b8000000,0x00000007bcd5e1c0,0x00000007bd580000)
 Metaspace       used 34229K, capacity 35046K, committed 35328K, reserved 1081344K
  class space    used 4079K, capacity 4263K, committed 4352K, reserved 1048576K
}
Event: 10204.933 GC heap before
{Heap before GC invocations=253 (full 9):
 PSYoungGen      total 25600K, used 25270K [0x00000007bd580000, 0x00000007bef80000, 0x00000007c0000000)
  eden space 25088K, 100% used [0x00000007bd580000,0x00000007bee00000,0x00000007bee00000)
  from space 512K, 35% used [0x00000007bee80000,0x00000007beeadbe8,0x00000007bef00000)
  to   space 512K, 0% used [0x00000007bef00000,0x00000007bef00000,0x00000007bef80000)
 ParOldGen       total 87552K, used 79224K [0x00000007b8000000, 0x00000007bd580000, 0x00000007bd580000)
  object space 87552K, 90% used [0x00000007b8000000,0x00000007bcd5e1c0,0x00000007bd580000)
 Metaspace       used 34251K, capacity 35046K, committed 35328K, reserved 1081344K
  class space    used 4082K, capacity 4263K, committed 4352K, reserved 1048576K
Event: 10204.958 GC heap after
Heap after GC invocations=253 (full 9):
 PSYoungGen      total 25600K, used 269K [0x00000007bd580000, 0x00000007bef80000, 0x00000007c0000000)
  eden space 25088K, 0% used [0x00000007bd580000,0x00000007bd580000,0x00000007bee00000)
  from space 512K, 52% used [0x00000007bef00000,0x00000007bef437d0,0x00000007bef80000)
  to   space 512K, 0% used [0x00000007bee80000,0x00000007bee80000,0x00000007bef00000)
 ParOldGen       total 87552K, used 79224K [0x00000007b8000000, 0x00000007bd580000, 0x00000007bd580000)
  object space 87552K, 90% used [0x00000007b8000000,0x00000007bcd5e1c0,0x00000007bd580000)
 Metaspace       used 34251K, capacity 35046K, committed 35328K, reserved 1081344K
  class space    used 4082K, capacity 4263K, committed 4352K, reserved 1048576K
}

Deoptimization events (10 events):
Event: 6030.480 Thread 0x00007ff3584ad000 Uncommon trap: reason=unstable_if action=reinterpret pc=0x0000000105b00608 method=java.util.HashMap.getNode(ILjava/lang/Object;)Ljava/util/HashMap$Node; @ 84
Event: 6030.480 Thread 0x00007ff3584ad000 Uncommon trap: reason=unstable_if action=reinterpret pc=0x0000000105882228 method=java.util.HashMap.getNode(ILjava/lang/Object;)Ljava/util/HashMap$Node; @ 84
Event: 10152.137 Thread 0x00007ff351826800 Uncommon trap: reason=bimorphic action=maybe_recompile pc=0x0000000105807118 method=java.util.Collections$SynchronizedCollection.size()I @ 11
Event: 10152.197 Thread 0x00007ff351418800 Uncommon trap: reason=unstable_if action=reinterpret pc=0x000000010590f174 method=java.awt.Component.updateGraphicsData(Ljava/awt/GraphicsConfiguration;)Z @ 25
Event: 10152.200 Thread 0x00007ff351418800 Uncommon trap: reason=unstable_if action=reinterpret pc=0x0000000106126d84 method=java.awt.Component.updateGraphicsData(Ljava/awt/GraphicsConfiguration;)Z @ 25
Event: 10152.230 Thread 0x00007ff351826800 Uncommon trap: reason=null_check action=make_not_entrant pc=0x00000001064bb0e4 method=sun.java2d.pipe.BufferedContext.validate(Lsun/java2d/pipe/hw/AccelSurface;Lsun/java2d/pipe/hw/AccelSurface;Lsun/java2d/pipe/Region;Ljava/awt/Composite;Ljava/awt/geom/Aff
Event: 10152.230 Thread 0x00007ff351826800 Uncommon trap: reason=null_check action=make_not_entrant pc=0x000000010631236c method=java.awt.geom.AffineTransform.equals(Ljava/lang/Object;)Z @ 1
Event: 10152.281 Thread 0x00007ff351826800 Uncommon trap: reason=bimorphic action=maybe_recompile pc=0x0000000105807118 method=java.util.Collections$SynchronizedCollection.size()I @ 11
Event: 10152.682 Thread 0x00007ff351826800 Uncommon trap: reason=bimorphic action=maybe_recompile pc=0x0000000105807118 method=java.util.Collections$SynchronizedCollection.size()I @ 11
Event: 10152.686 Thread 0x00007ff351826800 Uncommon trap: reason=bimorphic action=maybe_recompile pc=0x0000000105807118 method=java.util.Collections$SynchronizedCollection.size()I @ 11

Internal exceptions (10 events):
Event: 6030.540 Thread 0x00007ff3584ad000 Exception <a 'java/lang/ClassNotFoundException': com/topcoder/netCommon/contest/ResultDisplayType> (0x00000007be3275a8) thrown at [/Users/java_re/workspace/8-2-build-macosx-x86_64/jdk8u112/7935/hotspot/src/share/vm/classfile/systemDictionary.cpp, line 210
Event: 6037.513 Thread 0x00007ff350c54800 Exception <a 'java/lang/InterruptedException': sleep interrupted> (0x00000007be7e0be8) thrown at [/Users/java_re/workspace/8-2-build-macosx-x86_64/jdk8u112/7935/hotspot/src/share/vm/prims/jvm.cpp, line 3180]
Event: 6037.521 Thread 0x00007ff350c54800 Exception <a 'java/lang/InterruptedException': sleep interrupted> (0x00000007be909cb8) thrown at [/Users/java_re/workspace/8-2-build-macosx-x86_64/jdk8u112/7935/hotspot/src/share/vm/prims/jvm.cpp, line 3180]
Event: 6037.522 Thread 0x00007ff350c54800 Exception <a 'java/lang/InterruptedException': sleep interrupted> (0x00000007be933d68) thrown at [/Users/java_re/workspace/8-2-build-macosx-x86_64/jdk8u112/7935/hotspot/src/share/vm/prims/jvm.cpp, line 3180]
Event: 6037.553 Thread 0x00007ff350830000 Implicit null exception at 0x0000000106eed1f5 to 0x0000000106eee356
Event: 6037.555 Thread 0x00007ff350830000 Exception <a 'java/lang/NullPointerException'> (0x00000007bd5a1b48) thrown at [/Users/java_re/workspace/8-2-build-macosx-x86_64/jdk8u112/7935/hotspot/src/share/vm/runtime/sharedRuntime.cpp, line 605]
Event: 6045.954 Thread 0x00007ff350830000 Implicit null exception at 0x0000000106eed1f5 to 0x0000000106eee356
Event: 6045.954 Thread 0x00007ff350830000 Exception <a 'java/lang/NullPointerException'> (0x00000007bd5e3fd0) thrown at [/Users/java_re/workspace/8-2-build-macosx-x86_64/jdk8u112/7935/hotspot/src/share/vm/runtime/sharedRuntime.cpp, line 605]
Event: 10152.230 Thread 0x00007ff351826800 Implicit null exception at 0x00000001064b892b to 0x00000001064bb0b1
Event: 10152.230 Thread 0x00007ff351826800 Implicit null exception at 0x000000010631220c to 0x000000010631235d

Events (10 events):
Event: 10160.556 Thread 0x00007ff35085f800 flushing nmethod 0x00000001064a4910
Event: 10160.556 Thread 0x00007ff35085f800 flushing nmethod 0x00000001064ad7d0
Event: 10160.559 Thread 0x00007ff35085a800 flushing nmethod 0x0000000106525350
Event: 10160.565 Thread 0x00007ff35085a800 flushing nmethod 0x0000000106679ed0
Event: 10160.565 Thread 0x00007ff35085a800 flushing nmethod 0x000000010669b650
Event: 10163.031 Thread 0x00007ff35085a800 flushing nmethod 0x00000001069d2390
Event: 10163.034 Thread 0x00007ff35085a800 flushing nmethod 0x0000000106a451d0
Event: 10163.051 Thread 0x00007ff35085a800 flushing nmethod 0x0000000106c747d0
Event: 10204.933 Executing VM operation: ParallelGCFailedAllocation
Event: 10204.958 Executing VM operation: ParallelGCFailedAllocation done


Dynamic libraries:
0x0000000008b1c000 	/System/Library/Frameworks/Cocoa.framework/Versions/A/Cocoa
0x0000000008b1c000 	/System/Library/Frameworks/Security.framework/Versions/A/Security
0x0000000008b1c000 	/System/Library/Frameworks/ApplicationServices.framework/Versions/A/ApplicationServices
0x0000000008b1c000 	/usr/lib/libz.1.dylib
0x0000000008b1c000 	/usr/lib/libSystem.B.dylib
0x0000000008b1c000 	/usr/lib/libobjc.A.dylib
0x0000000008b1c000 	/System/Library/Frameworks/CoreFoundation.framework/Versions/A/CoreFoundation
0x0000000008b1c000 	/System/Library/Frameworks/Foundation.framework/Versions/C/Foundation
0x0000000008b1c000 	/System/Library/Frameworks/AppKit.framework/Versions/C/AppKit
0x0000000008b1c000 	/System/Library/Frameworks/CoreData.framework/Versions/A/CoreData
0x0000000008b1c000 	/System/Library/PrivateFrameworks/RemoteViewServices.framework/Versions/A/RemoteViewServices
0x0000000008b1c000 	/System/Library/PrivateFrameworks/UIFoundation.framework/Versions/A/UIFoundation
0x0000000008b1c000 	/usr/lib/libScreenReader.dylib
0x0000000008b1c000 	/System/Library/Frameworks/Accelerate.framework/Versions/A/Accelerate
0x0000000008b1c000 	/System/Library/Frameworks/IOSurface.framework/Versions/A/IOSurface
0x0000000008b1c000 	/System/Library/Frameworks/AudioToolbox.framework/Versions/A/AudioToolbox
0x0000000008b1c000 	/System/Library/Frameworks/AudioUnit.framework/Versions/A/AudioUnit
0x0000000008b1c000 	/System/Library/PrivateFrameworks/DataDetectorsCore.framework/Versions/A/DataDetectorsCore
0x0000000008b1c000 	/System/Library/PrivateFrameworks/DesktopServicesPriv.framework/Versions/A/DesktopServicesPriv
0x0000000008b1c000 	/System/Library/Frameworks/Carbon.framework/Versions/A/Frameworks/HIToolbox.framework/Versions/A/HIToolbox
0x0000000008b1c000 	/System/Library/Frameworks/QuartzCore.framework/Versions/A/QuartzCore
0x0000000008b1c000 	/System/Library/Frameworks/Carbon.framework/Versions/A/Frameworks/SpeechRecognition.framework/Versions/A/SpeechRecognition
0x0000000008b1c000 	/usr/lib/libauto.dylib
0x0000000008b1c000 	/usr/lib/libicucore.A.dylib
0x0000000008b1c000 	/usr/lib/libxml2.2.dylib
0x0000000008b1c000 	/System/Library/PrivateFrameworks/CoreUI.framework/Versions/A/CoreUI
0x0000000008b1c000 	/System/Library/Frameworks/CoreAudio.framework/Versions/A/CoreAudio
0x0000000008b1c000 	/System/Library/Frameworks/DiskArbitration.framework/Versions/A/DiskArbitration
0x0000000008b1c000 	/usr/lib/liblangid.dylib
0x0000000008b1c000 	/System/Library/PrivateFrameworks/MultitouchSupport.framework/Versions/A/MultitouchSupport
0x0000000008b1c000 	/System/Library/Frameworks/IOKit.framework/Versions/A/IOKit
0x0000000008b1c000 	/usr/lib/libDiagnosticMessagesClient.dylib
0x0000000008b1c000 	/System/Library/Frameworks/CoreServices.framework/Versions/A/CoreServices
0x0000000008b1c000 	/System/Library/PrivateFrameworks/PerformanceAnalysis.framework/Versions/A/PerformanceAnalysis
0x0000000008b1c000 	/System/Library/PrivateFrameworks/GenerationalStorage.framework/Versions/A/GenerationalStorage
0x0000000008b1c000 	/System/Library/Frameworks/OpenGL.framework/Versions/A/OpenGL
0x0000000008b1c000 	/System/Library/PrivateFrameworks/Sharing.framework/Versions/A/Sharing
0x0000000008b1c000 	/System/Library/Frameworks/CoreGraphics.framework/Versions/A/CoreGraphics
0x0000000008b1c000 	/System/Library/Frameworks/CoreImage.framework/Versions/A/CoreImage
0x0000000008b1c000 	/System/Library/Frameworks/CoreText.framework/Versions/A/CoreText
0x0000000008b1c000 	/System/Library/Frameworks/ImageIO.framework/Versions/A/ImageIO
0x0000000008b1c000 	/System/Library/PrivateFrameworks/Backup.framework/Versions/A/Backup
0x0000000008b1c000 	/usr/lib/libextension.dylib
0x0000000008b1c000 	/usr/lib/libarchive.2.dylib
0x0000000008b1c000 	/System/Library/Frameworks/CFNetwork.framework/Versions/A/CFNetwork
0x0000000008b1c000 	/System/Library/Frameworks/SystemConfiguration.framework/Versions/A/SystemConfiguration
0x0000000008b1c000 	/usr/lib/libCRFSuite.dylib
0x0000000008b1c000 	/usr/lib/libc++.1.dylib
0x0000000008b1c000 	/usr/lib/libc++abi.dylib
0x0000000008b1c000 	/usr/lib/system/libcache.dylib
0x0000000008b1c000 	/usr/lib/system/libcommonCrypto.dylib
0x0000000008b1c000 	/usr/lib/system/libcompiler_rt.dylib
0x0000000008b1c000 	/usr/lib/system/libcopyfile.dylib
0x0000000008b1c000 	/usr/lib/system/libcorecrypto.dylib
0x0000000008b1c000 	/usr/lib/system/libdispatch.dylib
0x0000000008b1c000 	/usr/lib/system/libdyld.dylib
0x0000000008b1c000 	/usr/lib/system/libkeymgr.dylib
0x0000000008b1c000 	/usr/lib/system/liblaunch.dylib
0x0000000008b1c000 	/usr/lib/system/libmacho.dylib
0x0000000008b1c000 	/usr/lib/system/libquarantine.dylib
0x0000000008b1c000 	/usr/lib/system/libremovefile.dylib
0x0000000008b1c000 	/usr/lib/system/libsystem_asl.dylib
0x0000000008b1c000 	/usr/lib/system/libsystem_blocks.dylib
0x0000000008b1c000 	/usr/lib/system/libsystem_c.dylib
0x0000000008b1c000 	/usr/lib/system/libsystem_configuration.dylib
0x0000000008b1c000 	/usr/lib/system/libsystem_coreservices.dylib
0x0000000008b1c000 	/usr/lib/system/libsystem_coretls.dylib
0x0000000008b1c000 	/usr/lib/system/libsystem_dnssd.dylib
0x0000000008b1c000 	/usr/lib/system/libsystem_info.dylib
0x0000000008b1c000 	/usr/lib/system/libsystem_kernel.dylib
0x0000000008b1c000 	/usr/lib/system/libsystem_m.dylib
0x0000000008b1c000 	/usr/lib/system/libsystem_malloc.dylib
0x0000000008b1c000 	/usr/lib/system/libsystem_network.dylib
0x0000000008b1c000 	/usr/lib/system/libsystem_networkextension.dylib
0x0000000008b1c000 	/usr/lib/system/libsystem_notify.dylib
0x0000000008b1c000 	/usr/lib/system/libsystem_platform.dylib
0x0000000008b1c000 	/usr/lib/system/libsystem_pthread.dylib
0x0000000008b1c000 	/usr/lib/system/libsystem_sandbox.dylib
0x0000000008b1c000 	/usr/lib/system/libsystem_secinit.dylib
0x0000000008b1c000 	/usr/lib/system/libsystem_trace.dylib
0x0000000008b1c000 	/usr/lib/system/libunc.dylib
0x0000000008b1c000 	/usr/lib/system/libunwind.dylib
0x0000000008b1c000 	/usr/lib/system/libxpc.dylib
0x0000000008b1c000 	/usr/lib/libenergytrace.dylib
0x0000000008b1c000 	/usr/lib/libbsm.0.dylib
0x0000000008b1c000 	/usr/lib/system/libkxld.dylib
0x0000000008b1c000 	/usr/lib/libxar.1.dylib
0x0000000008b1c000 	/usr/lib/libsqlite3.dylib
0x0000000008b1c000 	/usr/lib/libpam.2.dylib
0x0000000008b1c000 	/usr/lib/libOpenScriptingUtil.dylib
0x0000000008b1c000 	/usr/lib/libbz2.1.0.dylib
0x0000000008b1c000 	/usr/lib/liblzma.5.dylib
0x0000000008b1c000 	/System/Library/Frameworks/CoreServices.framework/Versions/A/Frameworks/FSEvents.framework/Versions/A/FSEvents
0x0000000008b1c000 	/System/Library/Frameworks/CoreServices.framework/Versions/A/Frameworks/CarbonCore.framework/Versions/A/CarbonCore
0x0000000008b1c000 	/System/Library/Frameworks/CoreServices.framework/Versions/A/Frameworks/Metadata.framework/Versions/A/Metadata
0x0000000008b1c000 	/System/Library/Frameworks/CoreServices.framework/Versions/A/Frameworks/OSServices.framework/Versions/A/OSServices
0x0000000008b1c000 	/System/Library/Frameworks/CoreServices.framework/Versions/A/Frameworks/SearchKit.framework/Versions/A/SearchKit
0x0000000008b1c000 	/System/Library/Frameworks/CoreServices.framework/Versions/A/Frameworks/AE.framework/Versions/A/AE
0x0000000008b1c000 	/System/Library/Frameworks/CoreServices.framework/Versions/A/Frameworks/LaunchServices.framework/Versions/A/LaunchServices
0x0000000008b1c000 	/System/Library/Frameworks/CoreServices.framework/Versions/A/Frameworks/DictionaryServices.framework/Versions/A/DictionaryServices
0x0000000008b1c000 	/System/Library/Frameworks/CoreServices.framework/Versions/A/Frameworks/SharedFileList.framework/Versions/A/SharedFileList
0x0000000008b1c000 	/System/Library/Frameworks/NetFS.framework/Versions/A/NetFS
0x0000000008b1c000 	/System/Library/PrivateFrameworks/NetAuth.framework/Versions/A/NetAuth
0x0000000008b1c000 	/System/Library/PrivateFrameworks/login.framework/Versions/A/Frameworks/loginsupport.framework/Versions/A/loginsupport
0x0000000008b1c000 	/System/Library/PrivateFrameworks/TCC.framework/Versions/A/TCC
0x0000000008b1c000 	/usr/lib/libmecabra.dylib
0x0000000008b1c000 	/System/Library/Frameworks/ApplicationServices.framework/Versions/A/Frameworks/ATS.framework/Versions/A/ATS
0x0000000008b1c000 	/System/Library/Frameworks/ApplicationServices.framework/Versions/A/Frameworks/ColorSync.framework/Versions/A/ColorSync
0x0000000008b1c000 	/System/Library/Frameworks/ApplicationServices.framework/Versions/A/Frameworks/HIServices.framework/Versions/A/HIServices
0x0000000008b1c000 	/System/Library/Frameworks/ApplicationServices.framework/Versions/A/Frameworks/LangAnalysis.framework/Versions/A/LangAnalysis
0x0000000008b1c000 	/System/Library/Frameworks/ApplicationServices.framework/Versions/A/Frameworks/PrintCore.framework/Versions/A/PrintCore
0x0000000008b1c000 	/System/Library/Frameworks/ApplicationServices.framework/Versions/A/Frameworks/QD.framework/Versions/A/QD
0x0000000008b1c000 	/System/Library/Frameworks/ApplicationServices.framework/Versions/A/Frameworks/SpeechSynthesis.framework/Versions/A/SpeechSynthesis
0x0000000008b1c000 	/System/Library/Frameworks/Metal.framework/Versions/A/Metal
0x0000000008b1c000 	/System/Library/Frameworks/Accelerate.framework/Versions/A/Frameworks/vImage.framework/Versions/A/vImage
0x0000000008b1c000 	/System/Library/Frameworks/Accelerate.framework/Versions/A/Frameworks/vecLib.framework/Versions/A/vecLib
0x0000000008b1c000 	/System/Library/Frameworks/Accelerate.framework/Versions/A/Frameworks/vecLib.framework/Versions/A/libvDSP.dylib
0x0000000008b1c000 	/System/Library/Frameworks/Accelerate.framework/Versions/A/Frameworks/vecLib.framework/Versions/A/libvMisc.dylib
0x0000000008b1c000 	/System/Library/Frameworks/Accelerate.framework/Versions/A/Frameworks/vecLib.framework/Versions/A/libLAPACK.dylib
0x0000000008b1c000 	/System/Library/Frameworks/Accelerate.framework/Versions/A/Frameworks/vecLib.framework/Versions/A/libBLAS.dylib
0x0000000008b1c000 	/System/Library/Frameworks/Accelerate.framework/Versions/A/Frameworks/vecLib.framework/Versions/A/libLinearAlgebra.dylib
0x0000000008b1c000 	/System/Library/Frameworks/Accelerate.framework/Versions/A/Frameworks/vecLib.framework/Versions/A/libSparseBLAS.dylib
0x0000000008b1c000 	/System/Library/PrivateFrameworks/GPUCompiler.framework/libmetal_timestamp.dylib
0x0000000008b1c000 	/System/Library/Frameworks/OpenGL.framework/Versions/A/Libraries/libCoreFSCache.dylib
0x0000000008b1c000 	/System/Library/PrivateFrameworks/IOAccelerator.framework/Versions/A/IOAccelerator
0x0000000008b1c000 	/System/Library/Frameworks/ApplicationServices.framework/Versions/A/Frameworks/ATS.framework/Versions/A/Resources/libFontParser.dylib
0x0000000008b1c000 	/System/Library/Frameworks/ApplicationServices.framework/Versions/A/Frameworks/ATS.framework/Versions/A/Resources/libFontRegistry.dylib
0x0000000008b1c000 	/System/Library/PrivateFrameworks/AppleVPA.framework/Versions/A/AppleVPA
0x0000000008b1c000 	/System/Library/PrivateFrameworks/AppleJPEG.framework/Versions/A/AppleJPEG
0x0000000008b1c000 	/System/Library/Frameworks/ImageIO.framework/Versions/A/Resources/libJPEG.dylib
0x0000000008b1c000 	/System/Library/Frameworks/ImageIO.framework/Versions/A/Resources/libTIFF.dylib
0x0000000008b1c000 	/System/Library/Frameworks/ImageIO.framework/Versions/A/Resources/libPng.dylib
0x0000000008b1c000 	/System/Library/Frameworks/ImageIO.framework/Versions/A/Resources/libGIF.dylib
0x0000000008b1c000 	/System/Library/Frameworks/ImageIO.framework/Versions/A/Resources/libJP2.dylib
0x0000000008b1c000 	/System/Library/Frameworks/ImageIO.framework/Versions/A/Resources/libRadiance.dylib
0x0000000008b1c000 	/System/Library/Frameworks/CoreVideo.framework/Versions/A/CoreVideo
0x0000000008b1c000 	/System/Library/Frameworks/OpenGL.framework/Versions/A/Libraries/libGLU.dylib
0x0000000008b1c000 	/System/Library/Frameworks/OpenGL.framework/Versions/A/Libraries/libGFXShared.dylib
0x0000000008b1c000 	/System/Library/Frameworks/OpenGL.framework/Versions/A/Libraries/libGL.dylib
0x0000000008b1c000 	/System/Library/Frameworks/OpenGL.framework/Versions/A/Libraries/libGLImage.dylib
0x0000000008b1c000 	/System/Library/Frameworks/OpenGL.framework/Versions/A/Libraries/libCVMSPluginSupport.dylib
0x0000000008b1c000 	/System/Library/Frameworks/OpenGL.framework/Versions/A/Libraries/libCoreVMClient.dylib
0x0000000008b1c000 	/usr/lib/libcompression.dylib
0x0000000008b1c000 	/usr/lib/libcups.2.dylib
0x0000000008b1c000 	/System/Library/Frameworks/Kerberos.framework/Versions/A/Kerberos
0x0000000008b1c000 	/System/Library/Frameworks/GSS.framework/Versions/A/GSS
0x0000000008b1c000 	/usr/lib/libresolv.9.dylib
0x0000000008b1c000 	/usr/lib/libiconv.2.dylib
0x0000000008b1c000 	/System/Library/PrivateFrameworks/Heimdal.framework/Versions/A/Heimdal
0x0000000008b1c000 	/usr/lib/libheimdal-asn1.dylib
0x0000000008b1c000 	/System/Library/Frameworks/OpenDirectory.framework/Versions/A/OpenDirectory
0x0000000008b1c000 	/System/Library/PrivateFrameworks/CommonAuth.framework/Versions/A/CommonAuth
0x0000000008b1c000 	/System/Library/Frameworks/OpenDirectory.framework/Versions/A/Frameworks/CFOpenDirectory.framework/Versions/A/CFOpenDirectory
0x0000000008b1c000 	/System/Library/Frameworks/SecurityFoundation.framework/Versions/A/SecurityFoundation
0x0000000008b1c000 	/System/Library/PrivateFrameworks/LanguageModeling.framework/Versions/A/LanguageModeling
0x0000000008b1c000 	/usr/lib/libmarisa.dylib
0x0000000008b1c000 	/usr/lib/libChineseTokenizer.dylib
0x0000000008b1c000 	/usr/lib/libcmph.dylib
0x0000000008b1c000 	/System/Library/Frameworks/ServiceManagement.framework/Versions/A/ServiceManagement
0x0000000008b1c000 	/usr/lib/libxslt.1.dylib
0x0000000008b1c000 	/System/Library/Frameworks/Carbon.framework/Versions/A/Frameworks/Ink.framework/Versions/A/Ink
0x0000000008b1c000 	/usr/lib/libFosl_dynamic.dylib
0x0000000008b1c000 	/System/Library/PrivateFrameworks/FaceCore.framework/Versions/A/FaceCore
0x0000000008b1c000 	/System/Library/Frameworks/OpenCL.framework/Versions/A/OpenCL
0x0000000008b1c000 	/System/Library/PrivateFrameworks/CrashReporterSupport.framework/Versions/A/CrashReporterSupport
0x0000000008b1c000 	/System/Library/PrivateFrameworks/IconServices.framework/Versions/A/IconServices
0x0000000008b1c000 	/System/Library/PrivateFrameworks/Apple80211.framework/Versions/A/Apple80211
0x0000000008b1c000 	/System/Library/Frameworks/CoreWLAN.framework/Versions/A/CoreWLAN
0x0000000008b1c000 	/System/Library/Frameworks/IOBluetooth.framework/Versions/A/IOBluetooth
0x0000000008b1c000 	/System/Library/PrivateFrameworks/CoreWiFi.framework/Versions/A/CoreWiFi
0x0000000008b1c000 	/System/Library/Frameworks/CoreBluetooth.framework/Versions/A/CoreBluetooth
0x0000000008b1c000 	/System/Library/PrivateFrameworks/ChunkingLibrary.framework/Versions/A/ChunkingLibrary
0x0000000008b1c000 	/System/Library/PrivateFrameworks/DebugSymbols.framework/Versions/A/DebugSymbols
0x0000000008b1c000 	/System/Library/PrivateFrameworks/CoreSymbolication.framework/Versions/A/CoreSymbolication
0x0000000008b1c000 	/System/Library/PrivateFrameworks/Symbolication.framework/Versions/A/Symbolication
0x0000000008b1c000 	/System/Library/PrivateFrameworks/SpeechRecognitionCore.framework/Versions/A/SpeechRecognitionCore
0x0000000104600000 	/Library/Internet Plug-Ins/JavaAppletPlugin.plugin/Contents/Home/lib/server/libjvm.dylib
0x0000000008b1c000 	/usr/lib/libstdc++.6.dylib
0x0000000103d87000 	/Library/Internet Plug-Ins/JavaAppletPlugin.plugin/Contents/Home/lib/libverify.dylib
0x0000000103d95000 	/Library/Internet Plug-Ins/JavaAppletPlugin.plugin/Contents/Home/lib/libjava.dylib
0x0000000103dd4000 	/Library/Internet Plug-Ins/JavaAppletPlugin.plugin/Contents/Home/lib/libzip.dylib
0x0000000103de1000 	/System/Library/Frameworks/JavaVM.framework/Frameworks/JavaRuntimeSupport.framework/JavaRuntimeSupport
0x00000001168dc000 	/System/Library/Frameworks/JavaVM.framework/Versions/A/Frameworks/JavaNativeFoundation.framework/Versions/A/JavaNativeFoundation
0x00000001168f1000 	/System/Library/Frameworks/JavaVM.framework/Versions/A/JavaVM
0x0000000008b1c000 	/System/Library/Frameworks/Carbon.framework/Versions/A/Carbon
0x00000001168fe000 	/System/Library/PrivateFrameworks/JavaLaunching.framework/Versions/A/JavaLaunching
0x0000000008b1c000 	/System/Library/Frameworks/Carbon.framework/Versions/A/Frameworks/CommonPanels.framework/Versions/A/CommonPanels
0x0000000008b1c000 	/System/Library/Frameworks/Carbon.framework/Versions/A/Frameworks/Help.framework/Versions/A/Help
0x0000000008b1c000 	/System/Library/Frameworks/Carbon.framework/Versions/A/Frameworks/ImageCapture.framework/Versions/A/ImageCapture
0x0000000008b1c000 	/System/Library/Frameworks/Carbon.framework/Versions/A/Frameworks/OpenScripting.framework/Versions/A/OpenScripting
0x0000000008b1c000 	/System/Library/Frameworks/Carbon.framework/Versions/A/Frameworks/Print.framework/Versions/A/Print
0x0000000008b1c000 	/System/Library/Frameworks/Carbon.framework/Versions/A/Frameworks/SecurityHI.framework/Versions/A/SecurityHI
0x0000000118226000 	/Library/Internet Plug-Ins/JavaAppletPlugin.plugin/Contents/Home/lib/libsplashscreen.dylib
0x000000011827f000 	/Library/Internet Plug-Ins/JavaAppletPlugin.plugin/Contents/Home/lib/./libosxapp.dylib
0x0000000008b1c000 	/System/Library/Frameworks/ExceptionHandling.framework/Versions/A/ExceptionHandling
0x0000000008b1c000 	/System/Library/PrivateFrameworks/CoreServicesInternal.framework/Versions/A/CoreServicesInternal
0x0000000008b1c000 	/System/Library/CoreServices/RawCamera.bundle/Contents/MacOS/RawCamera
0x0000000008b1c000 	/System/Library/Frameworks/CoreGraphics.framework/Versions/A/Resources/libRIP.A.dylib
0x0000000008b1c000 	/System/Library/Frameworks/Accelerate.framework/Versions/A/Frameworks/vImage.framework/Versions/A/Libraries/libCGInterfaces.dylib
0x0000000119278000 	/Library/Internet Plug-Ins/JavaAppletPlugin.plugin/Contents/Home/lib/libdeploy.dylib
0x00000001192a1000 	/Library/Internet Plug-Ins/JavaAppletPlugin.plugin/Contents/Frameworks/Sparkle.framework/Versions/A/Sparkle
0x00000001192e3000 	/Library/Internet Plug-Ins/JavaAppletPlugin.plugin/Contents/Home/lib/jli/./libjli.dylib
0x0000000008b1c000 	/System/Library/Frameworks/WebKit.framework/Versions/A/WebKit
0x0000000008b1c000 	/System/Library/Frameworks/WebKit.framework/Versions/A/Frameworks/WebKitLegacy.framework/Versions/A/WebKitLegacy
0x0000000008b1c000 	/System/Library/Frameworks/JavaScriptCore.framework/Versions/A/JavaScriptCore
0x0000000008b1c000 	/System/Library/Frameworks/WebKit.framework/Versions/A/Frameworks/WebCore.framework/Versions/A/WebCore
0x0000000008b1c000 	/System/Library/Frameworks/CoreGraphics.framework/Versions/A/Resources/libCGXType.A.dylib
0x00000001198f0000 	/Library/Internet Plug-Ins/JavaAppletPlugin.plugin/Contents/Home/lib/libnet.dylib
0x0000000119ddf000 	/Library/Internet Plug-Ins/JavaAppletPlugin.plugin/Contents/Home/lib/libnio.dylib
0x0000000008b1c000 	/System/Library/Frameworks/OpenCL.framework/Versions/A/Libraries/libcldcpuengine.dylib
0x0000000008b1c000 	/System/Library/PrivateFrameworks/DiskImages.framework/Versions/A/DiskImages
0x0000000008b1c000 	/System/Library/Frameworks/DiscRecording.framework/Versions/A/DiscRecording
0x0000000008b1c000 	/usr/lib/libcsfde.dylib
0x0000000008b1c000 	/usr/lib/libcurl.4.dylib
0x0000000008b1c000 	/System/Library/PrivateFrameworks/MediaKit.framework/Versions/A/MediaKit
0x0000000008b1c000 	/System/Library/PrivateFrameworks/ProtectedCloudStorage.framework/Versions/A/ProtectedCloudStorage
0x0000000008b1c000 	/usr/lib/libCoreStorage.dylib
0x0000000008b1c000 	/System/Library/PrivateFrameworks/EFILogin.framework/Versions/A/EFILogin
0x0000000008b1c000 	/usr/lib/libutil.dylib
0x0000000008b1c000 	/System/Library/PrivateFrameworks/FindMyDevice.framework/Versions/A/FindMyDevice
0x0000000008b1c000 	/System/Library/Frameworks/LDAP.framework/Versions/A/LDAP
0x0000000008b1c000 	/usr/lib/libsasl2.2.dylib
0x0000000008b1c000 	/System/Library/PrivateFrameworks/CoreDaemon.framework/Versions/B/CoreDaemon
0x0000000008b1c000 	/usr/lib/libcrypto.0.9.8.dylib
0x0000000008b1c000 	/System/Library/PrivateFrameworks/AppleSRP.framework/Versions/A/AppleSRP
0x0000000008b1c000 	/System/Library/PrivateFrameworks/TrustEvaluationAgent.framework/Versions/A/TrustEvaluationAgent
0x0000000119e03000 	/Library/Internet Plug-Ins/JavaAppletPlugin.plugin/Contents/Home/lib/libosx.dylib
0x0000000119e11000 	/Library/Internet Plug-Ins/JavaAppletPlugin.plugin/Contents/Home/lib/libawt.dylib
0x0000000119eb9000 	/Library/Internet Plug-Ins/JavaAppletPlugin.plugin/Contents/Home/lib/./libmlib_image.dylib
0x0000000119f85000 	/Library/Internet Plug-Ins/JavaAppletPlugin.plugin/Contents/Home/lib/libawt_lwawt.dylib
0x000000011a04e000 	cl_kernels
0x0000000008b1c000 	/System/Library/Frameworks/OpenCL.framework/Versions/A/Libraries/ImageFormats/unorm8_bgra.dylib
0x0000000008b1c000 	/System/Library/Frameworks/OpenCL.framework/Versions/A/Libraries/ImageFormats/unorm8_rgba.dylib
0x0000000008b1c000 	/System/Library/PrivateFrameworks/FamilyControls.framework/Versions/A/FamilyControls
0x0000000008b1c000 	/System/Library/PrivateFrameworks/CommerceKit.framework/Versions/A/Frameworks/CommerceCore.framework/Versions/A/CommerceCore
0x0000000008b1c000 	/System/Library/PrivateFrameworks/SystemAdministration.framework/Versions/A/SystemAdministration
0x0000000008b1c000 	/System/Library/PrivateFrameworks/AppContainer.framework/Versions/A/AppContainer
0x0000000008b1c000 	/System/Library/PrivateFrameworks/SecCodeWrapper.framework/Versions/A/SecCodeWrapper
0x0000000008b1c000 	/System/Library/Frameworks/DirectoryService.framework/Versions/A/DirectoryService
0x0000000008b1c000 	/System/Library/PrivateFrameworks/LoginUIKit.framework/Versions/A/Frameworks/LoginUICore.framework/Versions/A/LoginUICore
0x0000000008b1c000 	/usr/lib/libodfde.dylib
0x000000011b21a000 	/Library/Internet Plug-Ins/JavaAppletPlugin.plugin/Contents/Home/lib/libfontmanager.dylib
0x000000011b18c000 	/Library/Internet Plug-Ins/JavaAppletPlugin.plugin/Contents/Home/lib/libosxui.dylib
0x0000000008b1c000 	/System/Library/Frameworks/OpenGL.framework/Versions/A/Resources/GLEngine.bundle/GLEngine
0x0000000008b1c000 	/System/Library/Frameworks/OpenGL.framework/Versions/A/Libraries/libGLProgrammability.dylib
0x000000011bf90000 	/System/Library/Extensions/AppleIntelHD4000GraphicsGLDriver.bundle/Contents/MacOS/AppleIntelHD4000GraphicsGLDriver
0x0000000008b1c000 	/System/Library/PrivateFrameworks/GPUSupport.framework/Versions/A/Libraries/libGPUSupportMercury.dylib
0x0000000008b1c000 	/System/Library/Frameworks/OpenGL.framework/Versions/A/Resources/GLRendererFloat.bundle/GLRendererFloat
0x0000000008b1c000 	/System/Library/Frameworks/ApplicationServices.framework/Versions/A/Frameworks/ATS.framework/Versions/A/Resources/libTrueTypeScaler.dylib
0x000000014e6aa000 	/Library/Internet Plug-Ins/JavaAppletPlugin.plugin/Contents/Home/lib/libsunec.dylib
0x000000017cd51000 	/System/Library/Extensions/AppleIntelHD4000GraphicsMTLDriver.bundle/Contents/MacOS/AppleIntelHD4000GraphicsMTLDriver
0x000000017d2e5000 	/Library/Internet Plug-Ins/JavaAppletPlugin.plugin/Contents/Home/lib/libmanagement.dylib
0x000000011b2b9000 	/Library/Internet Plug-Ins/JavaAppletPlugin.plugin/Contents/Home/lib/libjpeg.dylib
0x0000000119a40000 	/Library/Internet Plug-Ins/JavaAppletPlugin.plugin/Contents/Home/lib/libdcpr.dylib

VM Arguments:
jvm_args: -Djava.security.policy=file:/Library/Internet Plug-Ins/JavaAppletPlugin.plugin/Contents/Home/lib/security/javaws.policy -DtrustProxy=true -Xverify:remote -Djnlpx.home=/Library/Internet Plug-Ins/JavaAppletPlugin.plugin/Contents/Home/bin -Djava.security.manager -Djnlpx.origFilenameArg=/Users/abe/vagrant/tc/arena.jnlp -Djnlpx.remove=true -Dsun.awt.warmup=true -Xbootclasspath/a:/Library/Internet Plug-Ins/JavaAppletPlugin.plugin/Contents/Home/lib/javaws.jar:/Library/Internet Plug-Ins/JavaAppletPlugin.plugin/Contents/Home/lib/deploy.jar:/Library/Internet Plug-Ins/JavaAppletPlugin.plugin/Contents/Home/lib/plugin.jar -Xmx128m -Djnlpx.heapsize=NULL,128m -Dmacosx.jnlpx.dock.name=Competition Arena -Dmacosx.jnlpx.dock.icon=/Users/abe/Library/Application Support/Oracle/Java/Deployment/cache/6.0/6/44709686-7aaca24e.icns -Djnlpx.jvm="/Library/Internet Plug-Ins/JavaAppletPlugin.plugin/Contents/Home/bin/java" 
java_command: com.sun.javaws.Main /var/tmp/javawsGYVCPE
java_class_path (initial): /Library/Internet Plug-Ins/JavaAppletPlugin.plugin/Contents/Home/lib/deploy.jar
Launcher Type: SUN_STANDARD

Environment Variables:
PATH=/Users/abe/.nvm/versions/node/v8.4.0/bin:/usr/local/bin:/usr/bin:/bin:/usr/sbin:/sbin:/opt/local/bin:/opt/X11/bin:/Users/abe/Library/Android/sdk/tools:/Users/abe/Library/Android/sdk/platform-tools:/Users/abe/vagrant/introcs/lib
SHELL=/bin/zsh
DISPLAY=/private/tmp/com.apple.launchd.ScpptaQvWl/org.macports:0

Signal Handlers:
SIGSEGV: [libjvm.dylib+0x5b11a5], sa_mask[0]=11111111011111110111111111111111, sa_flags=SA_ONSTACK|SA_RESTART|SA_SIGINFO
SIGBUS: [libjvm.dylib+0x5b11a5], sa_mask[0]=11111111011111110111111111111111, sa_flags=SA_RESTART|SA_SIGINFO
SIGFPE: [libjvm.dylib+0x487dc0], sa_mask[0]=11111111011111110111111111111111, sa_flags=SA_RESTART|SA_SIGINFO
SIGPIPE: [libjvm.dylib+0x487dc0], sa_mask[0]=11111111011111110111111111111111, sa_flags=SA_RESTART|SA_SIGINFO
SIGXFSZ: [libjvm.dylib+0x487dc0], sa_mask[0]=11111111011111110111111111111111, sa_flags=SA_RESTART|SA_SIGINFO
SIGILL: [libjvm.dylib+0x487dc0], sa_mask[0]=11111111011111110111111111111111, sa_flags=SA_RESTART|SA_SIGINFO
SIGUSR1: SIG_DFL, sa_mask[0]=00000000000000000000000000000000, sa_flags=SA_RESTART
SIGUSR2: [libjvm.dylib+0x4878de], sa_mask[0]=00000000000000000000000000000000, sa_flags=SA_RESTART|SA_SIGINFO
SIGHUP: [libjvm.dylib+0x485eb5], sa_mask[0]=11111111011111110111111111111111, sa_flags=SA_RESTART|SA_SIGINFO
SIGINT: [libjvm.dylib+0x485eb5], sa_mask[0]=11111111011111110111111111111111, sa_flags=SA_RESTART|SA_SIGINFO
SIGTERM: [libjvm.dylib+0x485eb5], sa_mask[0]=11111111011111110111111111111111, sa_flags=SA_RESTART|SA_SIGINFO
SIGQUIT: [libjvm.dylib+0x485eb5], sa_mask[0]=11111111011111110111111111111111, sa_flags=SA_RESTART|SA_SIGINFO


---------------  S Y S T E M  ---------------

OS:Bsduname:Darwin 15.6.0 Darwin Kernel Version 15.6.0: Thu Jun 23 18:25:34 PDT 2016; root:xnu-3248.60.10~1/RELEASE_X86_64 x86_64
rlimit: STACK 8192k, CORE 0k, NPROC 709, NOFILE 10240, AS infinity
load average:12.15 7.33 5.71

CPU:total 4 (2 cores per cpu, 2 threads per core) family 6 model 58 stepping 9, cmov, cx8, fxsr, mmx, sse, sse2, sse3, ssse3, sse4.1, sse4.2, popcnt, avx, aes, clmul, erms, ht, tsc, tscinvbit, tscinv

Memory: 4k page, physical 16777216k(1353276k free)

/proc/meminfo:


vm_info: Java HotSpot(TM) 64-Bit Server VM (25.112-b16) for bsd-amd64 JRE (1.8.0_112-b16), built on Sep 30 2016 22:41:41 by "java_re" with gcc 4.2.1 (Based on Apple Inc. build 5658) (LLVM build 2336.11.00)

time: Wed Aug 30 19:40:17 2017
elapsed time: 10205 seconds (0d 2h 50m 5s)

